Added Component: Designator=J?(HEADER 4X1)
Add component. Clean all parameters for all variants
Add component (AddParameter): Name = "brief description"; Value = "Header, 4-Pin"; VariantName = "[No Variations]"
Add component (AddParameter): Name = "datasheet"; Value = ""; VariantName = "[No Variations]"
Add component (AddParameter): Name = "Device Type"; Value = "CONNECTOR"; VariantName = "[No Variations]"
Add component (AddParameter): Name = "dimension"; Value = ""; VariantName = "[No Variations]"
Add component (AddParameter): Name = "manufacturer"; Value = ""; VariantName = "[No Variations]"
Add component (AddParameter): Name = "manufacturer (alternative)"; Value = ""; VariantName = "[No Variations]"
Add component (AddParameter): Name = "notes"; Value = ""; VariantName = "[No Variations]"
Add component (AddParameter): Name = "Package"; Value = "Header, 4-Pin(2.54mm)"; VariantName = "[No Variations]"
Add component (AddParameter): Name = "Package Type"; Value = "through hole"; VariantName = "[No Variations]"
Add component (AddParameter): Name = "part number"; Value = ""; VariantName = "[No Variations]"
Add component (AddParameter): Name = "pin forming"; Value = ""; VariantName = "[No Variations]"
Added Component: Designator=J?(HEADER 4X1)
Add component. Clean all parameters for all variants
Add component (AddParameter): Name = "brief description"; Value = "Header, 4-Pin"; VariantName = "[No Variations]"
Add component (AddParameter): Name = "datasheet"; Value = ""; VariantName = "[No Variations]"
Add component (AddParameter): Name = "Device Type"; Value = "CONNECTOR"; VariantName = "[No Variations]"
Add component (AddParameter): Name = "dimension"; Value = ""; VariantName = "[No Variations]"
Add component (AddParameter): Name = "manufacturer"; Value = ""; VariantName = "[No Variations]"
Add component (AddParameter): Name = "manufacturer (alternative)"; Value = ""; VariantName = "[No Variations]"
Add component (AddParameter): Name = "notes"; Value = ""; VariantName = "[No Variations]"
Add component (AddParameter): Name = "Package"; Value = "Header, 4-Pin(2.54mm)"; VariantName = "[No Variations]"
Add component (AddParameter): Name = "Package Type"; Value = "through hole"; VariantName = "[No Variations]"
Add component (AddParameter): Name = "part number"; Value = ""; VariantName = "[No Variations]"
Add component (AddParameter): Name = "pin forming"; Value = ""; VariantName = "[No Variations]"
Added Component: Designator=J?(HEADER 4X1)
Add component. Clean all parameters for all variants
Add component (AddParameter): Name = "brief description"; Value = "Header, 4-Pin"; VariantName = "[No Variations]"
Add component (AddParameter): Name = "datasheet"; Value = ""; VariantName = "[No Variations]"
Add component (AddParameter): Name = "Device Type"; Value = "CONNECTOR"; VariantName = "[No Variations]"
Add component (AddParameter): Name = "dimension"; Value = ""; VariantName = "[No Variations]"
Add component (AddParameter): Name = "manufacturer"; Value = ""; VariantName = "[No Variations]"
Add component (AddParameter): Name = "manufacturer (alternative)"; Value = ""; VariantName = "[No Variations]"
Add component (AddParameter): Name = "notes"; Value = ""; VariantName = "[No Variations]"
Add component (AddParameter): Name = "Package"; Value = "Header, 4-Pin(2.54mm)"; VariantName = "[No Variations]"
Add component (AddParameter): Name = "Package Type"; Value = "through hole"; VariantName = "[No Variations]"
Add component (AddParameter): Name = "part number"; Value = ""; VariantName = "[No Variations]"
Add component (AddParameter): Name = "pin forming"; Value = ""; VariantName = "[No Variations]"
Added Component: Designator=R?(res_smd [0603])
Add component. Clean all parameters for all variants
Add component (AddParameter): Name = "brief description"; Value = ""; VariantName = "[No Variations]"
Add component (AddParameter): Name = "datasheet"; Value = ""; VariantName = "[No Variations]"
Add component (AddParameter): Name = "Device Type"; Value = "RESISTOR"; VariantName = "[No Variations]"
Add component (AddParameter): Name = "dimension"; Value = ""; VariantName = "[No Variations]"
Add component (AddParameter): Name = "manufacturer"; Value = ""; VariantName = "[No Variations]"
Add component (AddParameter): Name = "manufacturer (alternative)"; Value = ""; VariantName = "[No Variations]"
Add component (AddParameter): Name = "notes"; Value = ""; VariantName = "[No Variations]"
Add component (AddParameter): Name = "Package"; Value = "[0603]"; VariantName = "[No Variations]"
Add component (AddParameter): Name = "Package Type"; Value = "smd"; VariantName = "[No Variations]"
Add component (AddParameter): Name = "part number"; Value = "Resistor"; VariantName = "[No Variations]"
Add component (AddParameter): Name = "pin forming"; Value = ""; VariantName = "[No Variations]"
Add component (AddParameter): Name = "Revision"; Value = "July-2002: Re-released for DXP Platform."; VariantName = "[No Variations]"
Added Component: Designator=R?(res_smd [0603])
Add component. Clean all parameters for all variants
Add component (AddParameter): Name = "brief description"; Value = ""; VariantName = "[No Variations]"
Add component (AddParameter): Name = "datasheet"; Value = ""; VariantName = "[No Variations]"
Add component (AddParameter): Name = "Device Type"; Value = "RESISTOR"; VariantName = "[No Variations]"
Add component (AddParameter): Name = "dimension"; Value = ""; VariantName = "[No Variations]"
Add component (AddParameter): Name = "manufacturer"; Value = ""; VariantName = "[No Variations]"
Add component (AddParameter): Name = "manufacturer (alternative)"; Value = ""; VariantName = "[No Variations]"
Add component (AddParameter): Name = "notes"; Value = ""; VariantName = "[No Variations]"
Add component (AddParameter): Name = "Package"; Value = "[0603]"; VariantName = "[No Variations]"
Add component (AddParameter): Name = "Package Type"; Value = "smd"; VariantName = "[No Variations]"
Add component (AddParameter): Name = "part number"; Value = "Resistor"; VariantName = "[No Variations]"
Add component (AddParameter): Name = "pin forming"; Value = ""; VariantName = "[No Variations]"
Add component (AddParameter): Name = "Revision"; Value = "July-2002: Re-released for DXP Platform."; VariantName = "[No Variations]"
Added Component: Designator=U?(LCD_1_8_inch_module)
Add component. Clean all parameters for all variants
Added Pin To Net: NetName=VCC_3V3 Pin=J?-1
Added Pin To Net: NetName=VCC Pin=J?-1
Added Pin To Net: NetName=VCC Pin=J?-1
Added Pin To Net: NetName=I2C1_SDA Pin=J?-2
Added Pin To Net: NetName=U0_TX Pin=J?-2
Added Pin To Net: NetName=U2_TX Pin=J?-2
Added Pin To Net: NetName=GND Pin=J?-3
Added Pin To Net: NetName=GND Pin=J?-3
Added Pin To Net: NetName=GND Pin=J?-3
Added Pin To Net: NetName=I2C1_SCL Pin=J?-4
Added Pin To Net: NetName=SWDIO Pin=J?-4
Added Pin To Net: NetName=U2_RX Pin=J?-4
Added Pin To Net: NetName=I2C1_SCL Pin=R?-1
Added Pin To Net: NetName=I2C1_SDA Pin=R?-1
Added Pin To Net: NetName=VCC_3V3 Pin=R?-2
Added Pin To Net: NetName=VCC_3V3 Pin=R?-2
Added Pin To Net: NetName=VCC Pin=U?-1
Added Pin To Net: NetName=GND Pin=U?-2
Added Pin To Net: NetName=SPI0_MOSI Pin=U?-6
Added Pin To Net: NetName=SPI0_CLK Pin=U?-7
Added Pin To Net: NetName=VCC Pin=U?-8
Added Pin To Net: NetName=D3 Pin=U1-9
Added Pin To Net: NetName=D3 Pin=U?-4
Added Net: Name=D3
Added Pin To Net: NetName=D5 Pin=U1-11
Added Pin To Net: NetName=D5 Pin=U?-5
Added Net: Name=D5
Added Pin To Net: NetName=SPI0_CS1 Pin=U?-3
Added Net: Name=SPI0_CS1
Added Member To Class: ClassName=rtl_001_expansion_v1.0 Member=Component J? Header 4
Added Member To Class: ClassName=rtl_001_expansion_v1.0 Member=Component J? Header 4
Added Member To Class: ClassName=rtl_001_expansion_v1.0 Member=Component J? Header 4
Added Member To Class: ClassName=rtl_001_expansion_v1.0 Member=Component R? 10K
Added Member To Class: ClassName=rtl_001_expansion_v1.0 Member=Component R? 10K
Added Member To Class: ClassName=rtl_001_expansion_v1.0 Member=Component U? LCD_1_8_module
