Change Component Designator: OldDesignator=J? NewDesignator=J3
Change Component Designator: OldDesignator=J? NewDesignator=J4
Change Component Designator: OldDesignator=J? NewDesignator=J5
Change Component Designator: OldDesignator=R? NewDesignator=R2
Change Component Designator: OldDesignator=R? NewDesignator=R3
Change Component Designator: OldDesignator=U? NewDesignator=U3
Added Component: Designator=D1(LED_SMD[0805])
Add component. Clean all parameters for all variants
Add component (AddParameter): Name = "brief description"; Value = "Typical (?COLOR?) LED"; VariantName = "[No Variations]"
Add component (AddParameter): Name = "datasheet"; Value = ""; VariantName = "[No Variations]"
Add component (AddParameter): Name = "Device Type"; Value = "MISCELLANEOUS"; VariantName = "[No Variations]"
Add component (AddParameter): Name = "dimension"; Value = ""; VariantName = "[No Variations]"
Add component (AddParameter): Name = "manufacturer"; Value = ""; VariantName = "[No Variations]"
Add component (AddParameter): Name = "manufacturer (alternative)"; Value = ""; VariantName = "[No Variations]"
Add component (AddParameter): Name = "notes"; Value = ""; VariantName = "[No Variations]"
Add component (AddParameter): Name = "Package"; Value = "[0805]"; VariantName = "[No Variations]"
Add component (AddParameter): Name = "Package Type"; Value = "smd"; VariantName = "[No Variations]"
Add component (AddParameter): Name = "part number"; Value = ""; VariantName = "[No Variations]"
Add component (AddParameter): Name = "pin forming"; Value = ""; VariantName = "[No Variations]"
Add component (AddParameter): Name = "???????"; Value = "?? ?????????"; VariantName = "[No Variations]"
Add component (AddParameter): Name = "????"; Value = "900-620"; VariantName = "[No Variations]"
Added Component: Designator=D2(LED_SMD[0805])
Add component. Clean all parameters for all variants
Add component (AddParameter): Name = "brief description"; Value = "Typical (?COLOR?) LED"; VariantName = "[No Variations]"
Add component (AddParameter): Name = "datasheet"; Value = ""; VariantName = "[No Variations]"
Add component (AddParameter): Name = "Device Type"; Value = "MISCELLANEOUS"; VariantName = "[No Variations]"
Add component (AddParameter): Name = "dimension"; Value = ""; VariantName = "[No Variations]"
Add component (AddParameter): Name = "manufacturer"; Value = ""; VariantName = "[No Variations]"
Add component (AddParameter): Name = "manufacturer (alternative)"; Value = ""; VariantName = "[No Variations]"
Add component (AddParameter): Name = "notes"; Value = ""; VariantName = "[No Variations]"
Add component (AddParameter): Name = "Package"; Value = "[0805]"; VariantName = "[No Variations]"
Add component (AddParameter): Name = "Package Type"; Value = "smd"; VariantName = "[No Variations]"
Add component (AddParameter): Name = "part number"; Value = ""; VariantName = "[No Variations]"
Add component (AddParameter): Name = "pin forming"; Value = ""; VariantName = "[No Variations]"
Add component (AddParameter): Name = "???????"; Value = "?? ?????????"; VariantName = "[No Variations]"
Add component (AddParameter): Name = "????"; Value = "900-620"; VariantName = "[No Variations]"
Added Component: Designator=Q1(SOT-23)
Add component. Clean all parameters for all variants
Add component (AddParameter): Name = "?????"; Value = "SMD;TRANSISTOR;BC817;SOT-23;NPN;(General-purpose)"; VariantName = "[No Variations]"
Add component (AddParameter): Name = "???????"; Value = "???? ?????????-?? ?????????-???? ?????????"; VariantName = "[No Variations]"
Add component (AddParameter): Name = "????"; Value = "420-1.500  1.000??-1"; VariantName = "[No Variations]"
Add component (AddParameter): Name = "????"; Value = "SOT-23"; VariantName = "[No Variations]"
Added Component: Designator=Q2(SOT-23)
Add component. Clean all parameters for all variants
Add component (AddParameter): Name = "?????"; Value = "SMD;TRANSISTOR;BC817;SOT-23;NPN;(General-purpose)"; VariantName = "[No Variations]"
Add component (AddParameter): Name = "???????"; Value = "???? ?????????-?? ?????????-???? ?????????"; VariantName = "[No Variations]"
Add component (AddParameter): Name = "????"; Value = "420-1.500  1.000??-1"; VariantName = "[No Variations]"
Add component (AddParameter): Name = "????"; Value = "SOT-23"; VariantName = "[No Variations]"
Added Component: Designator=R4(res_smd [0603])
Add component. Clean all parameters for all variants
Add component (AddParameter): Name = "brief description"; Value = ""; VariantName = "[No Variations]"
Add component (AddParameter): Name = "datasheet"; Value = ""; VariantName = "[No Variations]"
Add component (AddParameter): Name = "Device Type"; Value = "RESISTOR"; VariantName = "[No Variations]"
Add component (AddParameter): Name = "dimension"; Value = ""; VariantName = "[No Variations]"
Add component (AddParameter): Name = "manufacturer"; Value = ""; VariantName = "[No Variations]"
Add component (AddParameter): Name = "manufacturer (alternative)"; Value = ""; VariantName = "[No Variations]"
Add component (AddParameter): Name = "notes"; Value = ""; VariantName = "[No Variations]"
Add component (AddParameter): Name = "Package"; Value = "[0603]"; VariantName = "[No Variations]"
Add component (AddParameter): Name = "Package Type"; Value = "smd"; VariantName = "[No Variations]"
Add component (AddParameter): Name = "part number"; Value = "Resistor"; VariantName = "[No Variations]"
Add component (AddParameter): Name = "pin forming"; Value = ""; VariantName = "[No Variations]"
Add component (AddParameter): Name = "Revision"; Value = "July-2002: Re-released for DXP Platform."; VariantName = "[No Variations]"
Added Component: Designator=R5(res_smd [0603])
Add component. Clean all parameters for all variants
Add component (AddParameter): Name = "brief description"; Value = ""; VariantName = "[No Variations]"
Add component (AddParameter): Name = "datasheet"; Value = ""; VariantName = "[No Variations]"
Add component (AddParameter): Name = "Device Type"; Value = "RESISTOR"; VariantName = "[No Variations]"
Add component (AddParameter): Name = "dimension"; Value = ""; VariantName = "[No Variations]"
Add component (AddParameter): Name = "manufacturer"; Value = ""; VariantName = "[No Variations]"
Add component (AddParameter): Name = "manufacturer (alternative)"; Value = ""; VariantName = "[No Variations]"
Add component (AddParameter): Name = "notes"; Value = ""; VariantName = "[No Variations]"
Add component (AddParameter): Name = "Package"; Value = "[0603]"; VariantName = "[No Variations]"
Add component (AddParameter): Name = "Package Type"; Value = "smd"; VariantName = "[No Variations]"
Add component (AddParameter): Name = "part number"; Value = "Resistor"; VariantName = "[No Variations]"
Add component (AddParameter): Name = "pin forming"; Value = ""; VariantName = "[No Variations]"
Add component (AddParameter): Name = "Revision"; Value = "July-2002: Re-released for DXP Platform."; VariantName = "[No Variations]"
Added Component: Designator=R6(res_smd [0603])
Add component. Clean all parameters for all variants
Add component (AddParameter): Name = "brief description"; Value = ""; VariantName = "[No Variations]"
Add component (AddParameter): Name = "datasheet"; Value = ""; VariantName = "[No Variations]"
Add component (AddParameter): Name = "Device Type"; Value = "RESISTOR"; VariantName = "[No Variations]"
Add component (AddParameter): Name = "dimension"; Value = ""; VariantName = "[No Variations]"
Add component (AddParameter): Name = "manufacturer"; Value = ""; VariantName = "[No Variations]"
Add component (AddParameter): Name = "manufacturer (alternative)"; Value = ""; VariantName = "[No Variations]"
Add component (AddParameter): Name = "notes"; Value = ""; VariantName = "[No Variations]"
Add component (AddParameter): Name = "Package"; Value = "[0603]"; VariantName = "[No Variations]"
Add component (AddParameter): Name = "Package Type"; Value = "smd"; VariantName = "[No Variations]"
Add component (AddParameter): Name = "part number"; Value = "Resistor"; VariantName = "[No Variations]"
Add component (AddParameter): Name = "pin forming"; Value = ""; VariantName = "[No Variations]"
Add component (AddParameter): Name = "Revision"; Value = "July-2002: Re-released for DXP Platform."; VariantName = "[No Variations]"
Added Component: Designator=R7(res_smd [0603])
Add component. Clean all parameters for all variants
Add component (AddParameter): Name = "brief description"; Value = ""; VariantName = "[No Variations]"
Add component (AddParameter): Name = "datasheet"; Value = ""; VariantName = "[No Variations]"
Add component (AddParameter): Name = "Device Type"; Value = "RESISTOR"; VariantName = "[No Variations]"
Add component (AddParameter): Name = "dimension"; Value = ""; VariantName = "[No Variations]"
Add component (AddParameter): Name = "manufacturer"; Value = ""; VariantName = "[No Variations]"
Add component (AddParameter): Name = "manufacturer (alternative)"; Value = ""; VariantName = "[No Variations]"
Add component (AddParameter): Name = "notes"; Value = ""; VariantName = "[No Variations]"
Add component (AddParameter): Name = "Package"; Value = "[0603]"; VariantName = "[No Variations]"
Add component (AddParameter): Name = "Package Type"; Value = "smd"; VariantName = "[No Variations]"
Add component (AddParameter): Name = "part number"; Value = "Resistor"; VariantName = "[No Variations]"
Add component (AddParameter): Name = "pin forming"; Value = ""; VariantName = "[No Variations]"
Add component (AddParameter): Name = "Revision"; Value = "July-2002: Re-released for DXP Platform."; VariantName = "[No Variations]"
Added Component: Designator=R8(res_smd [0603])
Add component. Clean all parameters for all variants
Add component (AddParameter): Name = "brief description"; Value = ""; VariantName = "[No Variations]"
Add component (AddParameter): Name = "datasheet"; Value = ""; VariantName = "[No Variations]"
Add component (AddParameter): Name = "Device Type"; Value = "RESISTOR"; VariantName = "[No Variations]"
Add component (AddParameter): Name = "dimension"; Value = ""; VariantName = "[No Variations]"
Add component (AddParameter): Name = "manufacturer"; Value = ""; VariantName = "[No Variations]"
Add component (AddParameter): Name = "manufacturer (alternative)"; Value = ""; VariantName = "[No Variations]"
Add component (AddParameter): Name = "notes"; Value = ""; VariantName = "[No Variations]"
Add component (AddParameter): Name = "Package"; Value = "[0603]"; VariantName = "[No Variations]"
Add component (AddParameter): Name = "Package Type"; Value = "smd"; VariantName = "[No Variations]"
Add component (AddParameter): Name = "part number"; Value = "Resistor"; VariantName = "[No Variations]"
Add component (AddParameter): Name = "pin forming"; Value = ""; VariantName = "[No Variations]"
Add component (AddParameter): Name = "Revision"; Value = "July-2002: Re-released for DXP Platform."; VariantName = "[No Variations]"
Added Component: Designator=R9(res_smd [0603])
Add component. Clean all parameters for all variants
Add component (AddParameter): Name = "brief description"; Value = ""; VariantName = "[No Variations]"
Add component (AddParameter): Name = "datasheet"; Value = ""; VariantName = "[No Variations]"
Add component (AddParameter): Name = "Device Type"; Value = "RESISTOR"; VariantName = "[No Variations]"
Add component (AddParameter): Name = "dimension"; Value = ""; VariantName = "[No Variations]"
Add component (AddParameter): Name = "manufacturer"; Value = ""; VariantName = "[No Variations]"
Add component (AddParameter): Name = "manufacturer (alternative)"; Value = ""; VariantName = "[No Variations]"
Add component (AddParameter): Name = "notes"; Value = ""; VariantName = "[No Variations]"
Add component (AddParameter): Name = "Package"; Value = "[0603]"; VariantName = "[No Variations]"
Add component (AddParameter): Name = "Package Type"; Value = "smd"; VariantName = "[No Variations]"
Add component (AddParameter): Name = "part number"; Value = "Resistor"; VariantName = "[No Variations]"
Add component (AddParameter): Name = "pin forming"; Value = ""; VariantName = "[No Variations]"
Add component (AddParameter): Name = "Revision"; Value = "July-2002: Re-released for DXP Platform."; VariantName = "[No Variations]"
Added Component: Designator=R10(res_smd [0603])
Add component. Clean all parameters for all variants
Add component (AddParameter): Name = "brief description"; Value = ""; VariantName = "[No Variations]"
Add component (AddParameter): Name = "datasheet"; Value = ""; VariantName = "[No Variations]"
Add component (AddParameter): Name = "Device Type"; Value = "RESISTOR"; VariantName = "[No Variations]"
Add component (AddParameter): Name = "dimension"; Value = ""; VariantName = "[No Variations]"
Add component (AddParameter): Name = "manufacturer"; Value = ""; VariantName = "[No Variations]"
Add component (AddParameter): Name = "manufacturer (alternative)"; Value = ""; VariantName = "[No Variations]"
Add component (AddParameter): Name = "notes"; Value = ""; VariantName = "[No Variations]"
Add component (AddParameter): Name = "Package"; Value = "[0603]"; VariantName = "[No Variations]"
Add component (AddParameter): Name = "Package Type"; Value = "smd"; VariantName = "[No Variations]"
Add component (AddParameter): Name = "part number"; Value = "Resistor"; VariantName = "[No Variations]"
Add component (AddParameter): Name = "pin forming"; Value = ""; VariantName = "[No Variations]"
Add component (AddParameter): Name = "Revision"; Value = "July-2002: Re-released for DXP Platform."; VariantName = "[No Variations]"
Added Component: Designator=SW1(434111043826)
Add component. Clean all parameters for all variants
Add component (AddParameter): Name = "ComponentLink1 Description"; Value = "Manufacturer"; VariantName = "[No Variations]"
Add component (AddParameter): Name = "ComponentLink1URL"; Value = "http://www.we-online.com"; VariantName = "[No Variations]"
Add component (AddParameter): Name = "ComponentLink2 Description"; Value = "Datasheet"; VariantName = "[No Variations]"
Add component (AddParameter): Name = "ComponentLink2URL"; Value = "http://katalog.we-online.de/em/datasheet/434111043826.pdf"; VariantName = "[No Variations]"
Add component (AddParameter): Name = "Creat by"; Value = "Karrer Zheng"; VariantName = "[No Variations]"
Add component (AddParameter): Name = "Creat Date"; Value = "5 March February 2014"; VariantName = "[No Variations]"
Add component (AddParameter): Name = "Manufacturer"; Value = "W¨¹rth Elektronik eiSos GmbH & Co.KG"; VariantName = "[No Variations]"
Add component (AddParameter): Name = "NoPins"; Value = "02"; VariantName = "[No Variations]"
Add component (AddParameter): Name = "partNo"; Value = "434111043826"; VariantName = "[No Variations]"
Added Component: Designator=SW2(434111043826)
Add component. Clean all parameters for all variants
Add component (AddParameter): Name = "ComponentLink1 Description"; Value = "Manufacturer"; VariantName = "[No Variations]"
Add component (AddParameter): Name = "ComponentLink1URL"; Value = "http://www.we-online.com"; VariantName = "[No Variations]"
Add component (AddParameter): Name = "ComponentLink2 Description"; Value = "Datasheet"; VariantName = "[No Variations]"
Add component (AddParameter): Name = "ComponentLink2URL"; Value = "http://katalog.we-online.de/em/datasheet/434111043826.pdf"; VariantName = "[No Variations]"
Add component (AddParameter): Name = "Creat by"; Value = "Karrer Zheng"; VariantName = "[No Variations]"
Add component (AddParameter): Name = "Creat Date"; Value = "5 March February 2014"; VariantName = "[No Variations]"
Add component (AddParameter): Name = "Manufacturer"; Value = "W¨¹rth Elektronik eiSos GmbH & Co.KG"; VariantName = "[No Variations]"
Add component (AddParameter): Name = "NoPins"; Value = "02"; VariantName = "[No Variations]"
Add component (AddParameter): Name = "partNo"; Value = "434111043826"; VariantName = "[No Variations]"
Added Component: Designator=SW3(434111043826)
Add component. Clean all parameters for all variants
Add component (AddParameter): Name = "ComponentLink1 Description"; Value = "Manufacturer"; VariantName = "[No Variations]"
Add component (AddParameter): Name = "ComponentLink1URL"; Value = "http://www.we-online.com"; VariantName = "[No Variations]"
Add component (AddParameter): Name = "ComponentLink2 Description"; Value = "Datasheet"; VariantName = "[No Variations]"
Add component (AddParameter): Name = "ComponentLink2URL"; Value = "http://katalog.we-online.de/em/datasheet/434111043826.pdf"; VariantName = "[No Variations]"
Add component (AddParameter): Name = "Creat by"; Value = "Karrer Zheng"; VariantName = "[No Variations]"
Add component (AddParameter): Name = "Creat Date"; Value = "5 March February 2014"; VariantName = "[No Variations]"
Add component (AddParameter): Name = "Manufacturer"; Value = "W¨¹rth Elektronik eiSos GmbH & Co.KG"; VariantName = "[No Variations]"
Add component (AddParameter): Name = "NoPins"; Value = "02"; VariantName = "[No Variations]"
Add component (AddParameter): Name = "partNo"; Value = "434111043826"; VariantName = "[No Variations]"
Added Component: Designator=SW4(434111043826)
Add component. Clean all parameters for all variants
Add component (AddParameter): Name = "ComponentLink1 Description"; Value = "Manufacturer"; VariantName = "[No Variations]"
Add component (AddParameter): Name = "ComponentLink1URL"; Value = "http://www.we-online.com"; VariantName = "[No Variations]"
Add component (AddParameter): Name = "ComponentLink2 Description"; Value = "Datasheet"; VariantName = "[No Variations]"
Add component (AddParameter): Name = "ComponentLink2URL"; Value = "http://katalog.we-online.de/em/datasheet/434111043826.pdf"; VariantName = "[No Variations]"
Add component (AddParameter): Name = "Creat by"; Value = "Karrer Zheng"; VariantName = "[No Variations]"
Add component (AddParameter): Name = "Creat Date"; Value = "5 March February 2014"; VariantName = "[No Variations]"
Add component (AddParameter): Name = "Manufacturer"; Value = "W¨¹rth Elektronik eiSos GmbH & Co.KG"; VariantName = "[No Variations]"
Add component (AddParameter): Name = "NoPins"; Value = "02"; VariantName = "[No Variations]"
Add component (AddParameter): Name = "partNo"; Value = "434111043826"; VariantName = "[No Variations]"
Added Pin To Net: NetName=SWCLK Pin=Q1-1
Added Pin To Net: NetName=GND Pin=Q1-2
Added Pin To Net: NetName=GND Pin=Q2-2
Added Pin To Net: NetName=VCC_3V3 Pin=R4-2
Added Pin To Net: NetName=VCC_3V3 Pin=R5-2
Added Pin To Net: NetName=VCC_3V3 Pin=R6-2
Added Pin To Net: NetName=VCC_3V3 Pin=R7-2
Added Pin To Net: NetName=VCC_3V3 Pin=R8-2
Added Pin To Net: NetName=VCC_3V3 Pin=R9-2
Added Pin To Net: NetName=VCC Pin=R10-2
Added Pin To Net: NetName=GND Pin=SW1-2
Added Pin To Net: NetName=GND Pin=SW2-2
Added Pin To Net: NetName=GND Pin=SW3-2
Added Pin To Net: NetName=GND Pin=SW4-2
Added Pin To Net: NetName=PWM0 Pin=U3-3
Added Pin To Net: NetName=D1 Pin=R4-1
Added Pin To Net: NetName=D1 Pin=SW4-1
Added Pin To Net: NetName=D1 Pin=U1-12
Added Net: Name=D1
Added Pin To Net: NetName=D2 Pin=R5-1
Added Pin To Net: NetName=D2 Pin=SW3-1
Added Pin To Net: NetName=D2 Pin=U1-14
Added Net: Name=D2
Added Pin To Net: NetName=D15 Pin=R7-1
Added Pin To Net: NetName=D15 Pin=SW1-1
Added Pin To Net: NetName=D15 Pin=U1-5
Added Net: Name=D15
Added Pin To Net: NetName=D16 Pin=R6-1
Added Pin To Net: NetName=D16 Pin=SW2-1
Added Pin To Net: NetName=D16 Pin=U1-7
Added Net: Name=D16
Added Pin To Net: NetName=NetD1_1 Pin=D1-1
Added Pin To Net: NetName=NetD1_1 Pin=R8-1
Added Net: Name=NetD1_1
Added Pin To Net: NetName=NetD1_2 Pin=D1-2
Added Pin To Net: NetName=NetD1_2 Pin=Q1-3
Added Net: Name=NetD1_2
Added Pin To Net: NetName=NetD2_1 Pin=D2-1
Added Pin To Net: NetName=NetD2_1 Pin=R9-1
Added Net: Name=NetD2_1
Added Pin To Net: NetName=NetD2_2 Pin=D2-2
Added Pin To Net: NetName=NetD2_2 Pin=Q2-3
Added Net: Name=NetD2_2
Added Pin To Net: NetName=NetQ2_1 Pin=Q2-1
Added Pin To Net: NetName=NetQ2_1 Pin=R10-1
Added Net: Name=NetQ2_1
Added Member To Class: ClassName=rtl_001_expansion_v1.0 Member=Component D1 LED_SMD[0805]
Added Member To Class: ClassName=rtl_001_expansion_v1.0 Member=Component D2 LED_SMD[0805]
Added Member To Class: ClassName=rtl_001_expansion_v1.0 Member=Component J4 Header 4
Added Member To Class: ClassName=rtl_001_expansion_v1.0 Member=Component J5 Header 4
Added Member To Class: ClassName=rtl_001_expansion_v1.0 Member=Component Q1 BC817
Added Member To Class: ClassName=rtl_001_expansion_v1.0 Member=Component Q2 BC817
Added Member To Class: ClassName=rtl_001_expansion_v1.0 Member=Component R3 10K
Added Member To Class: ClassName=rtl_001_expansion_v1.0 Member=Component R4 10K
Added Member To Class: ClassName=rtl_001_expansion_v1.0 Member=Component R5 10K
Added Member To Class: ClassName=rtl_001_expansion_v1.0 Member=Component R6 10K
Added Member To Class: ClassName=rtl_001_expansion_v1.0 Member=Component R7 10K
Added Member To Class: ClassName=rtl_001_expansion_v1.0 Member=Component R8 330R
Added Member To Class: ClassName=rtl_001_expansion_v1.0 Member=Component R9 330R
Added Member To Class: ClassName=rtl_001_expansion_v1.0 Member=Component R10 330R
Added Member To Class: ClassName=rtl_001_expansion_v1.0 Member=Component SW1   
Added Member To Class: ClassName=rtl_001_expansion_v1.0 Member=Component SW2   
Added Member To Class: ClassName=rtl_001_expansion_v1.0 Member=Component SW3   
Added Member To Class: ClassName=rtl_001_expansion_v1.0 Member=Component SW4   
